<?xml version="1.0" encoding="UTF-8"?>
<testsuite name="FlagshipIntegrationTests" tests="8" skipped="0" failures="2" errors="0" timestamp="2021-03-04T16:53:48" hostname="raph-XPS-13-9370" time="0.259">
  <properties/>
  <testcase name="config" classname="FlagshipIntegrationTests" time="0.028"/>
  <testcase name="updateContext" classname="FlagshipIntegrationTests" time="0.011"/>
  <testcase name="synchronize" classname="FlagshipIntegrationTests" time="0.158"/>
  <testcase name="activate" classname="FlagshipIntegrationTests" time="0.018"/>
  <testcase name="hits" classname="FlagshipIntegrationTests" time="0.001">
    <failure message="org.opentest4j.AssertionFailedError" type="org.opentest4j.AssertionFailedError">org.opentest4j.AssertionFailedError
	at org.junit.jupiter.api.AssertionUtils.fail(AssertionUtils.java:35)
	at org.junit.jupiter.api.Assertions.fail(Assertions.java:98)
	at FlagshipIntegrationTests.&lt;init&gt;(FlagshipIntegrationTests.java:89)
	at sun.reflect.NativeConstructorAccessorImpl.newInstance0(Native Method)
	at sun.reflect.NativeConstructorAccessorImpl.newInstance(NativeConstructorAccessorImpl.java:62)
	at sun.reflect.DelegatingConstructorAccessorImpl.newInstance(DelegatingConstructorAccessorImpl.java:45)
	at java.lang.reflect.Constructor.newInstance(Constructor.java:423)
	at org.powermock.modules.junit4.internal.impl.PowerMockJUnit44RunnerDelegateImpl.createTestInstance(PowerMockJUnit44RunnerDelegateImpl.java:197)
	at org.powermock.modules.junit4.internal.impl.PowerMockJUnit44RunnerDelegateImpl.createTest(PowerMockJUnit44RunnerDelegateImpl.java:182)
	at org.powermock.modules.junit4.internal.impl.PowerMockJUnit44RunnerDelegateImpl.invokeTestMethod(PowerMockJUnit44RunnerDelegateImpl.java:204)
	at org.powermock.modules.junit4.internal.impl.PowerMockJUnit44RunnerDelegateImpl.runMethods(PowerMockJUnit44RunnerDelegateImpl.java:160)
	at org.powermock.modules.junit4.internal.impl.PowerMockJUnit44RunnerDelegateImpl$1.run(PowerMockJUnit44RunnerDelegateImpl.java:134)
	at org.junit.internal.runners.ClassRoadie.runUnprotected(ClassRoadie.java:34)
	at org.junit.internal.runners.ClassRoadie.runProtected(ClassRoadie.java:44)
	at org.powermock.modules.junit4.internal.impl.PowerMockJUnit44RunnerDelegateImpl.run(PowerMockJUnit44RunnerDelegateImpl.java:136)
	at org.powermock.modules.junit4.common.internal.impl.JUnit4TestSuiteChunkerImpl.run(JUnit4TestSuiteChunkerImpl.java:117)
	at org.powermock.modules.junit4.common.internal.impl.AbstractCommonPowerMockRunner.run(AbstractCommonPowerMockRunner.java:57)
	at org.powermock.modules.junit4.PowerMockRunner.run(PowerMockRunner.java:59)
	at org.gradle.api.internal.tasks.testing.junit.JUnitTestClassExecutor.runTestClass(JUnitTestClassExecutor.java:110)
	at org.gradle.api.internal.tasks.testing.junit.JUnitTestClassExecutor.execute(JUnitTestClassExecutor.java:58)
	at org.gradle.api.internal.tasks.testing.junit.JUnitTestClassExecutor.execute(JUnitTestClassExecutor.java:38)
	at org.gradle.api.internal.tasks.testing.junit.AbstractJUnitTestClassProcessor.processTestClass(AbstractJUnitTestClassProcessor.java:62)
	at org.gradle.api.internal.tasks.testing.SuiteTestClassProcessor.processTestClass(SuiteTestClassProcessor.java:51)
	at sun.reflect.NativeMethodAccessorImpl.invoke0(Native Method)
	at sun.reflect.NativeMethodAccessorImpl.invoke(NativeMethodAccessorImpl.java:62)
	at sun.reflect.DelegatingMethodAccessorImpl.invoke(DelegatingMethodAccessorImpl.java:43)
	at java.lang.reflect.Method.invoke(Method.java:498)
	at org.gradle.internal.dispatch.ReflectionDispatch.dispatch(ReflectionDispatch.java:36)
	at org.gradle.internal.dispatch.ReflectionDispatch.dispatch(ReflectionDispatch.java:24)
	at org.gradle.internal.dispatch.ContextClassLoaderDispatch.dispatch(ContextClassLoaderDispatch.java:33)
	at org.gradle.internal.dispatch.ProxyDispatchAdapter$DispatchingInvocationHandler.invoke(ProxyDispatchAdapter.java:94)
	at com.sun.proxy.$Proxy2.processTestClass(Unknown Source)
	at org.gradle.api.internal.tasks.testing.worker.TestWorker.processTestClass(TestWorker.java:119)
	at sun.reflect.NativeMethodAccessorImpl.invoke0(Native Method)
	at sun.reflect.NativeMethodAccessorImpl.invoke(NativeMethodAccessorImpl.java:62)
	at sun.reflect.DelegatingMethodAccessorImpl.invoke(DelegatingMethodAccessorImpl.java:43)
	at java.lang.reflect.Method.invoke(Method.java:498)
	at org.gradle.internal.dispatch.ReflectionDispatch.dispatch(ReflectionDispatch.java:36)
	at org.gradle.internal.dispatch.ReflectionDispatch.dispatch(ReflectionDispatch.java:24)
	at org.gradle.internal.remote.internal.hub.MessageHubBackedObjectConnection$DispatchWrapper.dispatch(MessageHubBackedObjectConnection.java:182)
	at org.gradle.internal.remote.internal.hub.MessageHubBackedObjectConnection$DispatchWrapper.dispatch(MessageHubBackedObjectConnection.java:164)
	at org.gradle.internal.remote.internal.hub.MessageHub$Handler.run(MessageHub.java:414)
	at org.gradle.internal.concurrent.ExecutorPolicy$CatchAndRecordFailures.onExecute(ExecutorPolicy.java:64)
	at org.gradle.internal.concurrent.ManagedExecutorImpl$1.run(ManagedExecutorImpl.java:48)
	at java.util.concurrent.ThreadPoolExecutor.runWorker(ThreadPoolExecutor.java:1149)
	at java.util.concurrent.ThreadPoolExecutor$Worker.run(ThreadPoolExecutor.java:624)
	at org.gradle.internal.concurrent.ThreadFactoryImpl$ManagedThreadRunnable.run(ThreadFactoryImpl.java:56)
	at java.lang.Thread.run(Thread.java:748)
</failure>
  </testcase>
  <testcase name="panic" classname="FlagshipIntegrationTests" time="0.0">
    <failure message="org.opentest4j.AssertionFailedError" type="org.opentest4j.AssertionFailedError">org.opentest4j.AssertionFailedError
	at org.junit.jupiter.api.AssertionUtils.fail(AssertionUtils.java:35)
	at org.junit.jupiter.api.Assertions.fail(Assertions.java:98)
	at FlagshipIntegrationTests.&lt;init&gt;(FlagshipIntegrationTests.java:89)
	at sun.reflect.NativeConstructorAccessorImpl.newInstance0(Native Method)
	at sun.reflect.NativeConstructorAccessorImpl.newInstance(NativeConstructorAccessorImpl.java:62)
	at sun.reflect.DelegatingConstructorAccessorImpl.newInstance(DelegatingConstructorAccessorImpl.java:45)
	at java.lang.reflect.Constructor.newInstance(Constructor.java:423)
	at org.powermock.modules.junit4.internal.impl.PowerMockJUnit44RunnerDelegateImpl.createTestInstance(PowerMockJUnit44RunnerDelegateImpl.java:197)
	at org.powermock.modules.junit4.internal.impl.PowerMockJUnit44RunnerDelegateImpl.createTest(PowerMockJUnit44RunnerDelegateImpl.java:182)
	at org.powermock.modules.junit4.internal.impl.PowerMockJUnit44RunnerDelegateImpl.invokeTestMethod(PowerMockJUnit44RunnerDelegateImpl.java:204)
	at org.powermock.modules.junit4.internal.impl.PowerMockJUnit44RunnerDelegateImpl.runMethods(PowerMockJUnit44RunnerDelegateImpl.java:160)
	at org.powermock.modules.junit4.internal.impl.PowerMockJUnit44RunnerDelegateImpl$1.run(PowerMockJUnit44RunnerDelegateImpl.java:134)
	at org.junit.internal.runners.ClassRoadie.runUnprotected(ClassRoadie.java:34)
	at org.junit.internal.runners.ClassRoadie.runProtected(ClassRoadie.java:44)
	at org.powermock.modules.junit4.internal.impl.PowerMockJUnit44RunnerDelegateImpl.run(PowerMockJUnit44RunnerDelegateImpl.java:136)
	at org.powermock.modules.junit4.common.internal.impl.JUnit4TestSuiteChunkerImpl.run(JUnit4TestSuiteChunkerImpl.java:117)
	at org.powermock.modules.junit4.common.internal.impl.AbstractCommonPowerMockRunner.run(AbstractCommonPowerMockRunner.java:57)
	at org.powermock.modules.junit4.PowerMockRunner.run(PowerMockRunner.java:59)
	at org.gradle.api.internal.tasks.testing.junit.JUnitTestClassExecutor.runTestClass(JUnitTestClassExecutor.java:110)
	at org.gradle.api.internal.tasks.testing.junit.JUnitTestClassExecutor.execute(JUnitTestClassExecutor.java:58)
	at org.gradle.api.internal.tasks.testing.junit.JUnitTestClassExecutor.execute(JUnitTestClassExecutor.java:38)
	at org.gradle.api.internal.tasks.testing.junit.AbstractJUnitTestClassProcessor.processTestClass(AbstractJUnitTestClassProcessor.java:62)
	at org.gradle.api.internal.tasks.testing.SuiteTestClassProcessor.processTestClass(SuiteTestClassProcessor.java:51)
	at sun.reflect.NativeMethodAccessorImpl.invoke0(Native Method)
	at sun.reflect.NativeMethodAccessorImpl.invoke(NativeMethodAccessorImpl.java:62)
	at sun.reflect.DelegatingMethodAccessorImpl.invoke(DelegatingMethodAccessorImpl.java:43)
	at java.lang.reflect.Method.invoke(Method.java:498)
	at org.gradle.internal.dispatch.ReflectionDispatch.dispatch(ReflectionDispatch.java:36)
	at org.gradle.internal.dispatch.ReflectionDispatch.dispatch(ReflectionDispatch.java:24)
	at org.gradle.internal.dispatch.ContextClassLoaderDispatch.dispatch(ContextClassLoaderDispatch.java:33)
	at org.gradle.internal.dispatch.ProxyDispatchAdapter$DispatchingInvocationHandler.invoke(ProxyDispatchAdapter.java:94)
	at com.sun.proxy.$Proxy2.processTestClass(Unknown Source)
	at org.gradle.api.internal.tasks.testing.worker.TestWorker.processTestClass(TestWorker.java:119)
	at sun.reflect.NativeMethodAccessorImpl.invoke0(Native Method)
	at sun.reflect.NativeMethodAccessorImpl.invoke(NativeMethodAccessorImpl.java:62)
	at sun.reflect.DelegatingMethodAccessorImpl.invoke(DelegatingMethodAccessorImpl.java:43)
	at java.lang.reflect.Method.invoke(Method.java:498)
	at org.gradle.internal.dispatch.ReflectionDispatch.dispatch(ReflectionDispatch.java:36)
	at org.gradle.internal.dispatch.ReflectionDispatch.dispatch(ReflectionDispatch.java:24)
	at org.gradle.internal.remote.internal.hub.MessageHubBackedObjectConnection$DispatchWrapper.dispatch(MessageHubBackedObjectConnection.java:182)
	at org.gradle.internal.remote.internal.hub.MessageHubBackedObjectConnection$DispatchWrapper.dispatch(MessageHubBackedObjectConnection.java:164)
	at org.gradle.internal.remote.internal.hub.MessageHub$Handler.run(MessageHub.java:414)
	at org.gradle.internal.concurrent.ExecutorPolicy$CatchAndRecordFailures.onExecute(ExecutorPolicy.java:64)
	at org.gradle.internal.concurrent.ManagedExecutorImpl$1.run(ManagedExecutorImpl.java:48)
	at java.util.concurrent.ThreadPoolExecutor.runWorker(ThreadPoolExecutor.java:1149)
	at java.util.concurrent.ThreadPoolExecutor$Worker.run(ThreadPoolExecutor.java:624)
	at org.gradle.internal.concurrent.ThreadFactoryImpl$ManagedThreadRunnable.run(ThreadFactoryImpl.java:56)
	at java.lang.Thread.run(Thread.java:748)
</failure>
  </testcase>
  <testcase name="getModifications" classname="FlagshipIntegrationTests" time="0.01"/>
  <testcase name="getModificationsInfo" classname="FlagshipIntegrationTests" time="0.007"/>
  <system-out><![CDATA[]]></system-out>
  <system-err><![CDATA[?[0;2m[2021-03-04 17:53:48][Flagship][INFO][INITIALIZATION] Flagship SDK (version: 1.0.0) started.?[0m
?[0;2m[2021-03-04 17:53:48][Flagship][INFO][INITIALIZATION] Flagship SDK (version: 1.0.0) started.?[0m
?[0;2m[2021-03-04 17:53:48][Flagship][INFO][INITIALIZATION] Flagship SDK (version: 1.0.0) started.?[0m
?[0;2m[2021-03-04 17:53:48][Flagship][INFO][UPDATE_CONTEXT] 'visitor_1' 
{
  "context": {
    "vip": true,
    "age": 32
  },
  "visitorId": "visitor_1",
  "modifications": {}
}?[0m
?[0;2m[2021-03-04 17:53:48][Flagship][INFO][CAMPAIGNS] [POST] https://decision.flagship.io/v2/my_env_id/campaigns/?exposeAllKeys=true [200]
{
  "campaigns": [
    {
      "variationGroupId": "xxxxxxjh6h101fk8lbsg",
      "id": "xxxxxxjh6h101fk8lbrg",
      "variation": {
        "reference": false,
        "id": "xxxxxx65k9h02cuc1ae0",
        "modifications": {
          "type": "JSON",
          "value": {"isref": "not a all"}
        }
      }
    },
    {
      "variationGroupId": "xxxxxx3m649g0h9nkuj0",
      "id": "xxxxxx3m649g0h9nkui0",
      "variation": {
        "reference": false,
        "id": "xxxxxx3m649g0h9nkuk0",
        "modifications": {
          "type": "FLAG",
          "value": {"release": 100}
        }
      }
    }
  ],
  "visitorId": "visitor_1"
}?[0m
?[0;2m[2021-03-04 17:53:48][Flagship][INFO][SYNCHRONIZE] 'visitor_1' 
{
  "context": {
    "vip": true,
    "age": 32
  },
  "visitorId": "visitor_1",
  "modifications": {
    "isref": "not a all",
    "release": 100
  }
}?[0m
?[0;2m[2021-03-04 17:53:48][Flagship][INFO][INITIALIZATION] Flagship SDK (version: 1.0.0) started.?[0m
?[0;2m[2021-03-04 17:53:48][Flagship][INFO][UPDATE_CONTEXT] 'visitor_1' 
{
  "context": {
    "daysSinceLastLaunch": 2,
    "isVIPUser": true,
    "age": 32
  },
  "visitorId": "visitor_1",
  "modifications": {}
}?[0m
?[0;2m[2021-03-04 17:53:48][Flagship][INFO][CAMPAIGNS] [POST] https://decision.flagship.io/v2/my_env_id/campaigns/?exposeAllKeys=true [200]
{
  "campaigns": [
    {
      "variationGroupId": "xxxxxx4jaeg0gm49ckg",
      "id": "xxxxxx4jaeg0gm49cjg",
      "variation": {
        "reference": false,
        "id": "xxxxxx4jaeg0gm49cn0",
        "modifications": {
          "type": "JSON",
          "value": {
            "visitorIdColor": "#E5B21D",
            "title": "Hello"
          }
        }
      }
    },
    {
      "variationGroupId": "xxxxxxe4jaeg0gi1bhpg",
      "id": "xxxxxxe4jaeg0gi1bhog",
      "variation": {
        "reference": false,
        "id": "xxxxxxe4jaeg0gi1bhq0",
        "modifications": {
          "type": "FLAG",
          "value": {"featureEnabled": true}
        }
      }
    },
    {
      "variationGroupId": "xxxxxxjh6h101fk8lbsg",
      "id": "xxxxxxjh6h101fk8lbrg",
      "variation": {
        "reference": false,
        "id": "xxxxxx65k9h02cuc1ae0",
        "modifications": {
          "type": "JSON",
          "value": {"isref": "not a all"}
        }
      }
    },
    {
      "variationGroupId": "xxxxxx3m649g0h9nkuj0",
      "id": "xxxxxx3m649g0h9nkui0",
      "variation": {
        "reference": false,
        "id": "xxxxxx3m649g0h9nkuk0",
        "modifications": {
          "type": "FLAG",
          "value": {"release": 100}
        }
      }
    },
    {
      "variationGroupId": "xxxxxxc8tbo3s7bp5im0",
      "id": "xxxxxxc8tbo3s7bp5il0",
      "variation": {
        "reference": false,
        "id": "xxxxxxc8tbo3s7bp5in0",
        "modifications": {
          "type": "JSON",
          "value": {"all_users": 1}
        }
      }
    }
  ],
  "visitorId": "visitor_1"
}?[0m
?[0;2m[2021-03-04 17:53:48][Flagship][INFO][SYNCHRONIZE] 'visitor_1' 
{
  "context": {
    "daysSinceLastLaunch": 2,
    "isVIPUser": true,
    "age": 32
  },
  "visitorId": "visitor_1",
  "modifications": {
    "featureEnabled": true,
    "isref": "not a all",
    "visitorIdColor": "#E5B21D",
    "release": 100,
    "all_users": 1,
    "title": "Hello"
  }
}?[0m
?[0;31m[2021-03-04 17:53:48][Flagship][ERROR][GET_MODIFICATION] No modification for key 'target'. Default value is returned.?[0m
?[0;31m[2021-03-04 17:53:48][Flagship][ERROR][GET_MODIFICATION] No modification for key 'wrong'. Default value is returned.?[0m
java.lang.NullPointerException
	at com.abtasty.flagship.api.HttpHelper.createConnection(HttpHelper.java:37)
	at sun.reflect.NativeMethodAccessorImpl.invoke0(Native Method)
	at sun.reflect.NativeMethodAccessorImpl.invoke(NativeMethodAccessorImpl.java:62)
	at sun.reflect.DelegatingMethodAccessorImpl.invoke(DelegatingMethodAccessorImpl.java:43)
	at java.lang.reflect.Method.invoke(Method.java:498)
	at org.powermock.reflect.internal.WhiteboxImpl.performMethodInvocation(WhiteboxImpl.java:1864)
	at org.powermock.reflect.internal.WhiteboxImpl.doInvokeMethod(WhiteboxImpl.java:825)
	at org.powermock.reflect.internal.WhiteboxImpl.invokeMethod(WhiteboxImpl.java:805)
	at org.powermock.reflect.Whitebox.invokeMethod(Whitebox.java:466)
	at org.powermock.api.mockito.internal.expectation.PowerMockitoStubberImpl.when(PowerMockitoStubberImpl.java:120)
	at FlagshipIntegrationTests.<init>(FlagshipIntegrationTests.java:66)
	at sun.reflect.NativeConstructorAccessorImpl.newInstance0(Native Method)
	at sun.reflect.NativeConstructorAccessorImpl.newInstance(NativeConstructorAccessorImpl.java:62)
	at sun.reflect.DelegatingConstructorAccessorImpl.newInstance(DelegatingConstructorAccessorImpl.java:45)
	at java.lang.reflect.Constructor.newInstance(Constructor.java:423)
	at org.powermock.modules.junit4.internal.impl.PowerMockJUnit44RunnerDelegateImpl.createTestInstance(PowerMockJUnit44RunnerDelegateImpl.java:197)
	at org.powermock.modules.junit4.internal.impl.PowerMockJUnit44RunnerDelegateImpl.createTest(PowerMockJUnit44RunnerDelegateImpl.java:182)
	at org.powermock.modules.junit4.internal.impl.PowerMockJUnit44RunnerDelegateImpl.invokeTestMethod(PowerMockJUnit44RunnerDelegateImpl.java:204)
	at org.powermock.modules.junit4.internal.impl.PowerMockJUnit44RunnerDelegateImpl.runMethods(PowerMockJUnit44RunnerDelegateImpl.java:160)
?[0;2m[2021-03-04 17:53:48][Flagship][INFO][ACTIVATE]  [POST]  https://decision.flagship.io/v2/activate  [200] 
	at org.powermock.modules.junit4.internal.impl.PowerMockJUnit44RunnerDelegateImpl$1.run(PowerMockJUnit44RunnerDelegateImpl.java:134)
{
  "vid": "visitor_1",
  "vaid": "xxxxxx65k9h02cuc1ae0",
  "caid": "xxxxxxjh6h101fk8lbsg",
  "cid": "my_env_id"
}?[0m
	at org.junit.internal.runners.ClassRoadie.runUnprotected(ClassRoadie.java:34)
	at org.junit.internal.runners.ClassRoadie.runProtected(ClassRoadie.java:44)
	at org.powermock.modules.junit4.internal.impl.PowerMockJUnit44RunnerDelegateImpl.run(PowerMockJUnit44RunnerDelegateImpl.java:136)
	at org.powermock.modules.junit4.common.internal.impl.JUnit4TestSuiteChunkerImpl.run(JUnit4TestSuiteChunkerImpl.java:117)
	at org.powermock.modules.junit4.common.internal.impl.AbstractCommonPowerMockRunner.run(AbstractCommonPowerMockRunner.java:57)
	at org.powermock.modules.junit4.PowerMockRunner.run(PowerMockRunner.java:59)
	at org.gradle.api.internal.tasks.testing.junit.JUnitTestClassExecutor.runTestClass(JUnitTestClassExecutor.java:110)
	at org.gradle.api.internal.tasks.testing.junit.JUnitTestClassExecutor.execute(JUnitTestClassExecutor.java:58)
	at org.gradle.api.internal.tasks.testing.junit.JUnitTestClassExecutor.execute(JUnitTestClassExecutor.java:38)
	at org.gradle.api.internal.tasks.testing.junit.AbstractJUnitTestClassProcessor.processTestClass(AbstractJUnitTestClassProcessor.java:62)
	at org.gradle.api.internal.tasks.testing.SuiteTestClassProcessor.processTestClass(SuiteTestClassProcessor.java:51)
	at sun.reflect.NativeMethodAccessorImpl.invoke0(Native Method)
	at sun.reflect.NativeMethodAccessorImpl.invoke(NativeMethodAccessorImpl.java:62)
	at sun.reflect.DelegatingMethodAccessorImpl.invoke(DelegatingMethodAccessorImpl.java:43)
	at java.lang.reflect.Method.invoke(Method.java:498)
	at org.gradle.internal.dispatch.ReflectionDispatch.dispatch(ReflectionDispatch.java:36)
	at org.gradle.internal.dispatch.ReflectionDispatch.dispatch(ReflectionDispatch.java:24)
	at org.gradle.internal.dispatch.ContextClassLoaderDispatch.dispatch(ContextClassLoaderDispatch.java:33)
	at org.gradle.internal.dispatch.ProxyDispatchAdapter$DispatchingInvocationHandler.invoke(ProxyDispatchAdapter.java:94)
	at com.sun.proxy.$Proxy2.processTestClass(Unknown Source)
	at org.gradle.api.internal.tasks.testing.worker.TestWorker.processTestClass(TestWorker.java:119)
	at sun.reflect.NativeMethodAccessorImpl.invoke0(Native Method)
	at sun.reflect.NativeMethodAccessorImpl.invoke(NativeMethodAccessorImpl.java:62)
	at sun.reflect.DelegatingMethodAccessorImpl.invoke(DelegatingMethodAccessorImpl.java:43)
	at java.lang.reflect.Method.invoke(Method.java:498)
	at org.gradle.internal.dispatch.ReflectionDispatch.dispatch(ReflectionDispatch.java:36)
	at org.gradle.internal.dispatch.ReflectionDispatch.dispatch(ReflectionDispatch.java:24)
	at org.gradle.internal.remote.internal.hub.MessageHubBackedObjectConnection$DispatchWrapper.dispatch(MessageHubBackedObjectConnection.java:182)
	at org.gradle.internal.remote.internal.hub.MessageHubBackedObjectConnection$DispatchWrapper.dispatch(MessageHubBackedObjectConnection.java:164)
	at org.gradle.internal.remote.internal.hub.MessageHub$Handler.run(MessageHub.java:414)
	at org.gradle.internal.concurrent.ExecutorPolicy$CatchAndRecordFailures.onExecute(ExecutorPolicy.java:64)
	at org.gradle.internal.concurrent.ManagedExecutorImpl$1.run(ManagedExecutorImpl.java:48)
	at java.util.concurrent.ThreadPoolExecutor.runWorker(ThreadPoolExecutor.java:1149)
	at java.util.concurrent.ThreadPoolExecutor$Worker.run(ThreadPoolExecutor.java:624)
	at org.gradle.internal.concurrent.ThreadFactoryImpl$ManagedThreadRunnable.run(ThreadFactoryImpl.java:56)
	at java.lang.Thread.run(Thread.java:748)
org.powermock.core.InvocationException: org.mockito.exceptions.misusing.UnfinishedStubbingException: 
Unfinished stubbing detected here:
-> at FlagshipIntegrationTests.<init>(FlagshipIntegrationTests.java:54)

E.g. thenReturn() may be missing.
Examples of correct stubbing:
    when(mock.isOk()).thenReturn(true);
    when(mock.isOk()).thenThrow(exception);
    doThrow(exception).when(mock).someVoidMethod();
Hints:
 1. missing thenReturn()
 2. you are trying to stub a final method, which is not supported
 3. you are stubbing the behaviour of another mock inside before 'thenReturn' instruction is completed

	at org.powermock.core.classloader.ClassloaderWrapper.runWithClassClassLoader(ClassloaderWrapper.java:53)
	at org.powermock.core.classloader.ClassloaderWrapper.runWithClass(ClassloaderWrapper.java:44)
	at org.powermock.api.mockito.internal.PowerMockitoCore.doAnswer(PowerMockitoCore.java:122)
	at org.powermock.api.mockito.internal.PowerMockitoCore.doAnswer(PowerMockitoCore.java:47)
	at org.powermock.api.mockito.PowerMockito.doAnswer(PowerMockito.java:559)
	at FlagshipIntegrationTests.<init>(FlagshipIntegrationTests.java:54)
	at sun.reflect.NativeConstructorAccessorImpl.newInstance0(Native Method)
	at sun.reflect.NativeConstructorAccessorImpl.newInstance(NativeConstructorAccessorImpl.java:62)
	at sun.reflect.DelegatingConstructorAccessorImpl.newInstance(DelegatingConstructorAccessorImpl.java:45)
	at java.lang.reflect.Constructor.newInstance(Constructor.java:423)
	at org.powermock.modules.junit4.internal.impl.PowerMockJUnit44RunnerDelegateImpl.createTestInstance(PowerMockJUnit44RunnerDelegateImpl.java:197)
	at org.powermock.modules.junit4.internal.impl.PowerMockJUnit44RunnerDelegateImpl.createTest(PowerMockJUnit44RunnerDelegateImpl.java:182)
	at org.powermock.modules.junit4.internal.impl.PowerMockJUnit44RunnerDelegateImpl.invokeTestMethod(PowerMockJUnit44RunnerDelegateImpl.java:204)
	at org.powermock.modules.junit4.internal.impl.PowerMockJUnit44RunnerDelegateImpl.runMethods(PowerMockJUnit44RunnerDelegateImpl.java:160)
	at org.powermock.modules.junit4.internal.impl.PowerMockJUnit44RunnerDelegateImpl$1.run(PowerMockJUnit44RunnerDelegateImpl.java:134)
	at org.junit.internal.runners.ClassRoadie.runUnprotected(ClassRoadie.java:34)
	at org.junit.internal.runners.ClassRoadie.runProtected(ClassRoadie.java:44)
	at org.powermock.modules.junit4.internal.impl.PowerMockJUnit44RunnerDelegateImpl.run(PowerMockJUnit44RunnerDelegateImpl.java:136)
	at org.powermock.modules.junit4.common.internal.impl.JUnit4TestSuiteChunkerImpl.run(JUnit4TestSuiteChunkerImpl.java:117)
	at org.powermock.modules.junit4.common.internal.impl.AbstractCommonPowerMockRunner.run(AbstractCommonPowerMockRunner.java:57)
	at org.powermock.modules.junit4.PowerMockRunner.run(PowerMockRunner.java:59)
	at org.gradle.api.internal.tasks.testing.junit.JUnitTestClassExecutor.runTestClass(JUnitTestClassExecutor.java:110)
	at org.gradle.api.internal.tasks.testing.junit.JUnitTestClassExecutor.execute(JUnitTestClassExecutor.java:58)
	at org.gradle.api.internal.tasks.testing.junit.JUnitTestClassExecutor.execute(JUnitTestClassExecutor.java:38)
	at org.gradle.api.internal.tasks.testing.junit.AbstractJUnitTestClassProcessor.processTestClass(AbstractJUnitTestClassProcessor.java:62)
	at org.gradle.api.internal.tasks.testing.SuiteTestClassProcessor.processTestClass(SuiteTestClassProcessor.java:51)
	at sun.reflect.NativeMethodAccessorImpl.invoke0(Native Method)
	at sun.reflect.NativeMethodAccessorImpl.invoke(NativeMethodAccessorImpl.java:62)
	at sun.reflect.DelegatingMethodAccessorImpl.invoke(DelegatingMethodAccessorImpl.java:43)
	at java.lang.reflect.Method.invoke(Method.java:498)
	at org.gradle.internal.dispatch.ReflectionDispatch.dispatch(ReflectionDispatch.java:36)
	at org.gradle.internal.dispatch.ReflectionDispatch.dispatch(ReflectionDispatch.java:24)
	at org.gradle.internal.dispatch.ContextClassLoaderDispatch.dispatch(ContextClassLoaderDispatch.java:33)
	at org.gradle.internal.dispatch.ProxyDispatchAdapter$DispatchingInvocationHandler.invoke(ProxyDispatchAdapter.java:94)
	at com.sun.proxy.$Proxy2.processTestClass(Unknown Source)
	at org.gradle.api.internal.tasks.testing.worker.TestWorker.processTestClass(TestWorker.java:119)
	at sun.reflect.NativeMethodAccessorImpl.invoke0(Native Method)
	at sun.reflect.NativeMethodAccessorImpl.invoke(NativeMethodAccessorImpl.java:62)
	at sun.reflect.DelegatingMethodAccessorImpl.invoke(DelegatingMethodAccessorImpl.java:43)
	at java.lang.reflect.Method.invoke(Method.java:498)
	at org.gradle.internal.dispatch.ReflectionDispatch.dispatch(ReflectionDispatch.java:36)
	at org.gradle.internal.dispatch.ReflectionDispatch.dispatch(ReflectionDispatch.java:24)
	at org.gradle.internal.remote.internal.hub.MessageHubBackedObjectConnection$DispatchWrapper.dispatch(MessageHubBackedObjectConnection.java:182)
	at org.gradle.internal.remote.internal.hub.MessageHubBackedObjectConnection$DispatchWrapper.dispatch(MessageHubBackedObjectConnection.java:164)
	at org.gradle.internal.remote.internal.hub.MessageHub$Handler.run(MessageHub.java:414)
	at org.gradle.internal.concurrent.ExecutorPolicy$CatchAndRecordFailures.onExecute(ExecutorPolicy.java:64)
	at org.gradle.internal.concurrent.ManagedExecutorImpl$1.run(ManagedExecutorImpl.java:48)
	at java.util.concurrent.ThreadPoolExecutor.runWorker(ThreadPoolExecutor.java:1149)
	at java.util.concurrent.ThreadPoolExecutor$Worker.run(ThreadPoolExecutor.java:624)
	at org.gradle.internal.concurrent.ThreadFactoryImpl$ManagedThreadRunnable.run(ThreadFactoryImpl.java:56)
	at java.lang.Thread.run(Thread.java:748)
Caused by: org.mockito.exceptions.misusing.UnfinishedStubbingException: 
Unfinished stubbing detected here:
-> at FlagshipIntegrationTests.<init>(FlagshipIntegrationTests.java:54)

E.g. thenReturn() may be missing.
Examples of correct stubbing:
    when(mock.isOk()).thenReturn(true);
    when(mock.isOk()).thenThrow(exception);
    doThrow(exception).when(mock).someVoidMethod();
Hints:
 1. missing thenReturn()
 2. you are trying to stub a final method, which is not supported
 3. you are stubbing the behaviour of another mock inside before 'thenReturn' instruction is completed

	at FlagshipIntegrationTests.<init>(FlagshipIntegrationTests.java:54)
	at org.junit.internal.runners.ClassRoadie.runUnprotected(ClassRoadie.java:34)
	at org.junit.internal.runners.ClassRoadie.runProtected(ClassRoadie.java:44)
	at org.gradle.api.internal.tasks.testing.junit.JUnitTestClassExecutor.runTestClass(JUnitTestClassExecutor.java:110)
	at org.gradle.api.internal.tasks.testing.junit.JUnitTestClassExecutor.execute(JUnitTestClassExecutor.java:58)
	at org.gradle.api.internal.tasks.testing.junit.JUnitTestClassExecutor.execute(JUnitTestClassExecutor.java:38)
	at org.gradle.api.internal.tasks.testing.junit.AbstractJUnitTestClassProcessor.processTestClass(AbstractJUnitTestClassProcessor.java:62)
	at org.gradle.api.internal.tasks.testing.SuiteTestClassProcessor.processTestClass(SuiteTestClassProcessor.java:51)
	at org.gradle.internal.dispatch.ReflectionDispatch.dispatch(ReflectionDispatch.java:36)
	at org.gradle.internal.dispatch.ReflectionDispatch.dispatch(ReflectionDispatch.java:24)
	at org.gradle.internal.dispatch.ContextClassLoaderDispatch.dispatch(ContextClassLoaderDispatch.java:33)
	at org.gradle.internal.dispatch.ProxyDispatchAdapter$DispatchingInvocationHandler.invoke(ProxyDispatchAdapter.java:94)
	at org.gradle.api.internal.tasks.testing.worker.TestWorker.processTestClass(TestWorker.java:119)
	... 11 more
?[0;2m[2021-03-04 17:53:48][Flagship][INFO][INITIALIZATION] Flagship SDK (version: 1.0.0) started.?[0m
?[0;2m[2021-03-04 17:53:48][Flagship][INFO][UPDATE_CONTEXT] 'visitor_1' 
{
  "context": {
    "daysSinceLastLaunch": 2,
    "isVIPUser": true,
    "age": 32
  },
  "visitorId": "visitor_1",
  "modifications": {}
}?[0m
?[0;2m[2021-03-04 17:53:48][Flagship][INFO][CAMPAIGNS] [POST] https://decision.flagship.io/v2/my_env_id/campaigns/?exposeAllKeys=true [200]
{
  "campaigns": [
    {
      "variationGroupId": "xxxxxx4jaeg0gm49ckg",
      "id": "xxxxxx4jaeg0gm49cjg",
      "variation": {
        "reference": false,
        "id": "xxxxxx4jaeg0gm49cn0",
        "modifications": {
          "type": "JSON",
          "value": {
            "visitorIdColor": "#E5B21D",
            "title": "Hello"
          }
        }
      }
    },
    {
      "variationGroupId": "xxxxxxe4jaeg0gi1bhpg",
      "id": "xxxxxxe4jaeg0gi1bhog",
      "variation": {
        "reference": false,
        "id": "xxxxxxe4jaeg0gi1bhq0",
        "modifications": {
          "type": "FLAG",
          "value": {"featureEnabled": true}
        }
      }
    },
    {
      "variationGroupId": "xxxxxxjh6h101fk8lbsg",
      "id": "xxxxxxjh6h101fk8lbrg",
      "variation": {
        "reference": false,
        "id": "xxxxxx65k9h02cuc1ae0",
        "modifications": {
          "type": "JSON",
          "value": {"isref": "not a all"}
        }
      }
    },
    {
      "variationGroupId": "xxxxxx3m649g0h9nkuj0",
      "id": "xxxxxx3m649g0h9nkui0",
      "variation": {
        "reference": false,
        "id": "xxxxxx3m649g0h9nkuk0",
        "modifications": {
          "type": "FLAG",
          "value": {"release": 100}
        }
      }
    },
    {
      "variationGroupId": "xxxxxxc8tbo3s7bp5im0",
      "id": "xxxxxxc8tbo3s7bp5il0",
      "variation": {
        "reference": false,
        "id": "xxxxxxc8tbo3s7bp5in0",
        "modifications": {
          "type": "JSON",
          "value": {"all_users": 1}
        }
      }
    }
  ],
  "visitorId": "visitor_1"
}?[0m
?[0;2m[2021-03-04 17:53:48][Flagship][INFO][SYNCHRONIZE] 'visitor_1' 
{
  "context": {
    "daysSinceLastLaunch": 2,
    "isVIPUser": true,
    "age": 32
  },
  "visitorId": "visitor_1",
  "modifications": {
    "featureEnabled": true,
    "isref": "not a all",
    "visitorIdColor": "#E5B21D",
    "release": 100,
    "all_users": 1,
    "title": "Hello"
  }
}?[0m
?[0;31m[2021-03-04 17:53:48][Flagship][ERROR][GET_MODIFICATION] Modification for key 'featureEnabled' has a different type. Default value is returned.?[0m
?[0;31m[2021-03-04 17:53:48][Flagship][ERROR][GET_MODIFICATION] Modification for key 'isref' has a different type. Default value is returned.?[0m
?[0;31m[2021-03-04 17:53:48][Flagship][ERROR][GET_MODIFICATION] Key 'null' must not be null. Default value is returned.?[0m
?[0;31m[2021-03-04 17:53:48][Flagship][ERROR][GET_MODIFICATION] Key 'null' must not be null. Default value is returned.?[0m
?[0;31m[2021-03-04 17:53:48][Flagship][ERROR][GET_MODIFICATION] No modification for key 'null'. Default value is returned.?[0m
?[0;2m[2021-03-04 17:53:48][Flagship][INFO][INITIALIZATION] Flagship SDK (version: 1.0.0) started.?[0m
?[0;2m[2021-03-04 17:53:48][Flagship][INFO][UPDATE_CONTEXT] 'visitor_1' 
{
  "context": {
    "daysSinceLastLaunch": 2,
    "isVIPUser": true,
    "age": 32
  },
  "visitorId": "visitor_1",
  "modifications": {}
}?[0m
?[0;2m[2021-03-04 17:53:48][Flagship][INFO][CAMPAIGNS] [POST] https://decision.flagship.io/v2/my_env_id/campaigns/?exposeAllKeys=true [200]
{
  "campaigns": [
    {
      "variationGroupId": "xxxxxx4jaeg0gm49ckg",
      "id": "xxxxxx4jaeg0gm49cjg",
      "variation": {
        "reference": false,
        "id": "xxxxxx4jaeg0gm49cn0",
        "modifications": {
          "type": "JSON",
          "value": {
            "visitorIdColor": "#E5B21D",
            "title": "Hello"
          }
        }
      }
    },
    {
      "variationGroupId": "xxxxxxe4jaeg0gi1bhpg",
      "id": "xxxxxxe4jaeg0gi1bhog",
      "variation": {
        "reference": false,
        "id": "xxxxxxe4jaeg0gi1bhq0",
        "modifications": {
          "type": "FLAG",
          "value": {"featureEnabled": true}
        }
      }
    },
    {
      "variationGroupId": "xxxxxxjh6h101fk8lbsg",
      "id": "xxxxxxjh6h101fk8lbrg",
      "variation": {
        "reference": false,
        "id": "xxxxxx65k9h02cuc1ae0",
        "modifications": {
          "type": "JSON",
          "value": {"isref": "not a all"}
        }
      }
    },
    {
      "variationGroupId": "xxxxxx3m649g0h9nkuj0",
      "id": "xxxxxx3m649g0h9nkui0",
      "variation": {
        "reference": false,
        "id": "xxxxxx3m649g0h9nkuk0",
        "modifications": {
          "type": "FLAG",
          "value": {"release": 100}
        }
      }
    },
    {
      "variationGroupId": "xxxxxxc8tbo3s7bp5im0",
      "id": "xxxxxxc8tbo3s7bp5il0",
      "variation": {
        "reference": false,
        "id": "xxxxxxc8tbo3s7bp5in0",
        "modifications": {
          "type": "JSON",
          "value": {"all_users": 1}
        }
      }
    }
  ],
  "visitorId": "visitor_1"
}?[0m
?[0;2m[2021-03-04 17:53:48][Flagship][INFO][SYNCHRONIZE] 'visitor_1' 
{
  "context": {
    "daysSinceLastLaunch": 2,
    "isVIPUser": true,
    "age": 32
  },
  "visitorId": "visitor_1",
  "modifications": {
    "featureEnabled": true,
    "isref": "not a all",
    "visitorIdColor": "#E5B21D",
    "release": 100,
    "all_users": 1,
    "title": "Hello"
  }
}?[0m
?[0;31m[2021-03-04 17:53:48][Flagship][ERROR][GET_MODIFICATION_INFO] No modification for key 'null'.?[0m
?[0;31m[2021-03-04 17:53:48][Flagship][ERROR][GET_MODIFICATION_INFO] No modification for key 'wrong'.?[0m
]]></system-err>
</testsuite>
