<?xml version="1.0" encoding="UTF-8"?>
<testsuite name="FlagshipIntegrationTests" tests="1" skipped="0" failures="0" errors="0" timestamp="2021-02-26T15:01:58" hostname="raph-XPS-13-9370" time="1.511">
  <properties/>
  <testcase name="synchronize" classname="FlagshipIntegrationTests" time="1.511"/>
  <system-out><![CDATA[]]></system-out>
  <system-err><![CDATA[?[0;2m[2021-02-26 16:02:00][Flagship][INFO][UPDATE_CONTEXT] 'visitor_1' 
{
  "context": {
    "vip": true,
    "age": 32
  },
  "visitorId": "visitor_1",
  "modifications": {}
}?[0m
?[0;2m[2021-02-26 16:02:00][Flagship][INFO][CAMPAIGNS] [POST] https://decision.flagship.io/v2/my_env_id/campaigns/?exposeAllKeys=true&sendContextEvent=false [200]
{
  "campaigns": [
    {
      "variationGroupId": "bv6vpqjh6h101fk8lbsg",
      "id": "bv6vpqjh6h101fk8lbrg",
      "variation": {
        "reference": false,
        "id": "bv6vqg65k9h02cuc1ae0",
        "modifications": {
          "type": "JSON",
          "value": {"isref": "not a all"}
        }
      }
    },
    {
      "variationGroupId": "c04bed3m649g0h9nkuj0",
      "id": "c04bed3m649g0h9nkui0",
      "variation": {
        "reference": false,
        "id": "c04bed3m649g0h9nkuk0",
        "modifications": {
          "type": "FLAG",
          "value": {"release": 100}
        }
      }
    }
  ],
  "visitorId": "visitor_1"
}?[0m
?[0;2m[2021-02-26 16:02:00][Flagship][INFO][SYNCHRONIZE] 'visitor_1' 
{
  "context": {
    "vip": true,
    "age": 32
  },
  "visitorId": "visitor_1",
  "modifications": {
    "isref": "not a all",
    "release": 100
  }
}?[0m
]]></system-err>
</testsuite>
