<?xml version="1.0" encoding="UTF-8"?>
<testsuite name="FlagshipIntegrationTests" tests="6" skipped="0" failures="0" errors="0" timestamp="2021-03-04T11:16:05" hostname="raph-XPS-13-9370" time="1.245">
  <properties/>
  <testcase name="config" classname="FlagshipIntegrationTests" time="0.025"/>
  <testcase name="updateContext" classname="FlagshipIntegrationTests" time="0.01"/>
  <testcase name="synchronize" classname="FlagshipIntegrationTests" time="0.155"/>
  <testcase name="activate" classname="FlagshipIntegrationTests" time="0.02"/>
  <testcase name="hits" classname="FlagshipIntegrationTests" time="0.022"/>
  <testcase name="panic" classname="FlagshipIntegrationTests" time="1.007"/>
  <system-out><![CDATA[]]></system-out>
  <system-err><![CDATA[?[0;2m[2021-03-04 12:16:05][Flagship][INFO][INITIALIZATION] Flagship SDK started.?[0m
?[0;2m[2021-03-04 12:16:05][Flagship][INFO][INITIALIZATION] Flagship SDK started.?[0m
?[0;2m[2021-03-04 12:16:05][Flagship][INFO][UPDATE_CONTEXT] 'visitor_1' 
{
  "context": {
    "vip": true,
    "age": 32
  },
  "visitorId": "visitor_1",
  "modifications": {}
}?[0m
?[0;2m[2021-03-04 12:16:05][Flagship][INFO][CAMPAIGNS] [POST] https://decision.flagship.io/v2/my_env_id/campaigns/?exposeAllKeys=true [200]
{
  "campaigns": [
    {
      "variationGroupId": "xxxxxxjh6h101fk8lbsg",
      "id": "xxxxxxjh6h101fk8lbrg",
      "variation": {
        "reference": false,
        "id": "xxxxxx65k9h02cuc1ae0",
        "modifications": {
          "type": "JSON",
          "value": {"isref": "not a all"}
        }
      }
    },
    {
      "variationGroupId": "xxxxxx3m649g0h9nkuj0",
      "id": "xxxxxx3m649g0h9nkui0",
      "variation": {
        "reference": false,
        "id": "xxxxxx3m649g0h9nkuk0",
        "modifications": {
          "type": "FLAG",
          "value": {"release": 100}
        }
      }
    }
  ],
  "visitorId": "visitor_1"
}?[0m
?[0;2m[2021-03-04 12:16:05][Flagship][INFO][SYNCHRONIZE] 'visitor_1' 
{
  "context": {
    "vip": true,
    "age": 32
  },
  "visitorId": "visitor_1",
  "modifications": {
    "isref": "not a all",
    "release": 100
  }
}?[0m
?[0;2m[2021-03-04 12:16:05][Flagship][INFO][INITIALIZATION] Flagship SDK started.?[0m
?[0;2m[2021-03-04 12:16:05][Flagship][INFO][UPDATE_CONTEXT] 'visitor_1' 
{
  "context": {
    "daysSinceLastLaunch": 2,
    "isVIPUser": true,
    "age": 32
  },
  "visitorId": "visitor_1",
  "modifications": {}
}?[0m
?[0;2m[2021-03-04 12:16:05][Flagship][INFO][CAMPAIGNS] [POST] https://decision.flagship.io/v2/my_env_id/campaigns/?exposeAllKeys=true [200]
{
  "campaigns": [
    {
      "variationGroupId": "xxxxxx4jaeg0gm49ckg",
      "id": "xxxxxx4jaeg0gm49cjg",
      "variation": {
        "reference": false,
        "id": "xxxxxx4jaeg0gm49cn0",
        "modifications": {
          "type": "JSON",
          "value": {
            "visitorIdColor": "#E5B21D",
            "title": "Hello"
          }
        }
      }
    },
    {
      "variationGroupId": "xxxxxxe4jaeg0gi1bhpg",
      "id": "xxxxxxe4jaeg0gi1bhog",
      "variation": {
        "reference": false,
        "id": "xxxxxxe4jaeg0gi1bhq0",
        "modifications": {
          "type": "FLAG",
          "value": {"featureEnabled": true}
        }
      }
    },
    {
      "variationGroupId": "xxxxxxjh6h101fk8lbsg",
      "id": "xxxxxxjh6h101fk8lbrg",
      "variation": {
        "reference": false,
        "id": "xxxxxx65k9h02cuc1ae0",
        "modifications": {
          "type": "JSON",
          "value": {"isref": "not a all"}
        }
      }
    },
    {
      "variationGroupId": "xxxxxx3m649g0h9nkuj0",
      "id": "xxxxxx3m649g0h9nkui0",
      "variation": {
        "reference": false,
        "id": "xxxxxx3m649g0h9nkuk0",
        "modifications": {
          "type": "FLAG",
          "value": {"release": 100}
        }
      }
    },
    {
      "variationGroupId": "xxxxxxc8tbo3s7bp5im0",
      "id": "xxxxxxc8tbo3s7bp5il0",
      "variation": {
        "reference": false,
        "id": "xxxxxxc8tbo3s7bp5in0",
        "modifications": {
          "type": "JSON",
          "value": {"all_users": 1}
        }
      }
    }
  ],
  "visitorId": "visitor_1"
}?[0m
?[0;2m[2021-03-04 12:16:05][Flagship][INFO][SYNCHRONIZE] 'visitor_1' 
{
  "context": {
    "daysSinceLastLaunch": 2,
    "isVIPUser": true,
    "age": 32
  },
  "visitorId": "visitor_1",
  "modifications": {
    "featureEnabled": true,
    "isref": "not a all",
    "visitorIdColor": "#E5B21D",
    "release": 100,
    "all_users": 1,
    "title": "Hello"
  }
}?[0m
?[0;31m[2021-03-04 12:16:05][Flagship][ERROR][GET_MODIFICATION] No modification for key 'target'. Default value is returned.?[0m
?[0;31m[2021-03-04 12:16:05][Flagship][ERROR][GET_MODIFICATION] No modification for key 'wrong'. Default value is returned.?[0m
?[0;2m[2021-03-04 12:16:05][Flagship][INFO][ACTIVATE]  [POST]  https://decision.flagship.io/v2/activate  [200] 
{
  "vid": "visitor_1",
  "vaid": "xxxxxx65k9h02cuc1ae0",
  "caid": "xxxxxxjh6h101fk8lbsg",
  "cid": "my_env_id"
}?[0m
?[0;2m[2021-03-04 12:16:05][Flagship][INFO][INITIALIZATION] Flagship SDK started.?[0m
?[0;2m[2021-03-04 12:16:05][Flagship][INFO][UPDATE_CONTEXT] 'visitor_1' 
{
  "context": {},
  "visitorId": "visitor_1",
  "modifications": {}
}?[0m
?[0;2m[2021-03-04 12:16:05][Flagship][INFO][HIT]  [POST]  https://ariane.abtasty.com  [200] 
{
  "vid": "visitor_1",
  "t": "SCREENVIEW",
  "ul": "fr_FR",
  "dl": "screen location",
  "sn": 2,
  "uip": "127.0.0.1",
  "cid": "my_env_id",
  "ds": "APP",
  "sr": "200x100"
}?[0m
?[0;2m[2021-03-04 12:16:05][Flagship][INFO][HIT]  [POST]  https://ariane.abtasty.com  [200] 
{
  "vid": "visitor_1",
  "t": "PAGEVIEW",
  "dl": "https://location.com",
  "cid": "my_env_id",
  "ds": "APP"
}?[0m
?[0;2m[2021-03-04 12:16:05][Flagship][INFO][HIT]  [POST]  https://ariane.abtasty.com  [200] 
{
  "vid": "visitor_1",
  "ev": 100,
  "t": "EVENT",
  "el": "label",
  "ea": "action",
  "ec": "User Engagement",
  "cid": "my_env_id",
  "ds": "APP"
}?[0m
?[0;2m[2021-03-04 12:16:05][Flagship][INFO][HIT]  [POST]  https://ariane.abtasty.com  [200] 
{
  "tt": 19.99,
  "ta": "affiliation",
  "tid": "#12345",
  "ds": "APP",
  "tc": "EUR",
  "vid": "visitor_1",
  "t": "TRANSACTION",
  "tcc": "code",
  "icn": 1,
  "sm": "1day",
  "pm": "creditcard",
  "tr": 199.99,
  "cid": "my_env_id",
  "ts": 9.99
}?[0m
?[0;2m[2021-03-04 12:16:05][Flagship][INFO][HIT]  [POST]  https://ariane.abtasty.com  [200] 
{
  "vid": "visitor_1",
  "t": "ITEM",
  "in": "product",
  "ip": 199.99,
  "iq": 1,
  "ic": "sku123",
  "iv": "test",
  "tid": "#12345",
  "cid": "my_env_id",
  "ds": "APP"
}?[0m
?[0;2m[2021-03-04 12:16:05][Flagship][INFO][INITIALIZATION] Flagship SDK started.?[0m
?[0;2m[2021-03-04 12:16:05][Flagship][INFO][UPDATE_CONTEXT] 'visitor_1' 
{
  "context": {
    "daysSinceLastLaunch": 2,
    "isVIPUser": true,
    "age": 32
  },
  "visitorId": "visitor_1",
  "modifications": {}
}?[0m
?[0;2m[2021-03-04 12:16:05][Flagship][INFO][CAMPAIGNS] [POST] https://decision.flagship.io/v2/my_env_id/campaigns/?exposeAllKeys=true [200]
{"panic": true}?[0m
?[0;33m[2021-03-04 12:16:05][Flagship][WARNING][SYNCHRONIZE] Panic mode is on.?[0m
?[0;2m[2021-03-04 12:16:05][Flagship][INFO][SYNCHRONIZE] 'visitor_1' 
{
  "context": {
    "daysSinceLastLaunch": 2,
    "isVIPUser": true,
    "age": 32
  },
  "visitorId": "visitor_1",
  "modifications": {}
}?[0m
?[0;31m[2021-03-04 12:16:05][Flagship][ERROR][UPDATE_CONTEXT] 'updateContext()' deactivated while panic mode is on.?[0m
?[0;31m[2021-03-04 12:16:05][Flagship][ERROR][GET_MODIFICATION] 'getModiciation()' deactivated while panic mode is on.?[0m
?[0;31m[2021-03-04 12:16:05][Flagship][ERROR][HIT] 'sendHit()' deactivated while panic mode is on.?[0m
]]></system-err>
</testsuite>
